<?xml version="1.0" encoding="UTF-8"?>
<testng-results skipped="0" failed="0" total="1" passed="1">
  <reporter-output>
    <line>
      <![CDATA[verifyFacebookLoginPageLogo]]>
    </line>
    <line>
      <![CDATA[verifyFacebookLoginPageTagline]]>
    </line>
    <line>
      <![CDATA[verifyFacebookLoginPageForgotPasswordLink]]>
    </line>
    <line>
      <![CDATA[verifyFacebookLoginPageCreatenewAccoutBtn]]>
    </line>
    <line>
      <![CDATA[verifyFacebookLoginPageFooterlinks]]>
    </line>
    <line>
      <![CDATA[setFacebookLoginPageUsername]]>
    </line>
    <line>
      <![CDATA[setFacebookLoginPagePassword]]>
    </line>
    <line>
      <![CDATA[clickFacebookLoginPageLoginBtn]]>
    </line>
  </reporter-output>
  <suite name="Default suite" duration-ms="6253" started-at="2022-08-09T09:56:57Z" finished-at="2022-08-09T09:57:03Z">
    <groups>
    </groups>
    <test name="Default test" duration-ms="6253" started-at="2022-08-09T09:56:57Z" finished-at="2022-08-09T09:57:03Z">
      <class name="com.projectname.qa.TestCases.LoginTest">
        <test-method status="PASS" signature="setup()" name="setup" is-config="true" duration-ms="5211" started-at="2022-08-09T09:56:57Z" finished-at="2022-08-09T09:57:02Z">
        </test-method>
        <test-method status="PASS" signature="FacbookLoginPageTest()" name="FacbookLoginPageTest" duration-ms="1023" started-at="2022-08-09T09:57:02Z" finished-at="2022-08-09T09:57:03Z">
        </test-method>
        <test-method status="FAIL" signature="teardown()" name="teardown" is-config="true" duration-ms="0" started-at="2022-08-09T09:57:03Z" finished-at="2022-08-09T09:57:03Z">
          <exception class="java.lang.NullPointerException">
            <full-stacktrace>
              <![CDATA[java.lang.NullPointerException
	at com.projectname.qa.TestCases.LoginTest.teardown(LoginTest.java:28)
	at sun.reflect.NativeMethodAccessorImpl.invoke0(Native Method)
	at sun.reflect.NativeMethodAccessorImpl.invoke(NativeMethodAccessorImpl.java:62)
	at sun.reflect.DelegatingMethodAccessorImpl.invoke(DelegatingMethodAccessorImpl.java:43)
	at java.lang.reflect.Method.invoke(Method.java:498)
	at org.testng.internal.MethodInvocationHelper.invokeMethod(MethodInvocationHelper.java:80)
	at org.testng.internal.Invoker.invokeConfigurationMethod(Invoker.java:525)
	at org.testng.internal.Invoker.invokeConfigurations(Invoker.java:202)
	at org.testng.internal.Invoker.invokeConfigurations(Invoker.java:130)
	at org.testng.internal.TestMethodWorker.invokeAfterClassMethods(TestMethodWorker.java:222)
	at org.testng.internal.TestMethodWorker.run(TestMethodWorker.java:112)
	at org.testng.TestRunner.runWorkers(TestRunner.java:1178)
	at org.testng.TestRunner.privateRun(TestRunner.java:757)
	at org.testng.TestRunner.run(TestRunner.java:608)
	at org.testng.SuiteRunner.runTest(SuiteRunner.java:334)
	at org.testng.SuiteRunner.runSequentially(SuiteRunner.java:329)
	at org.testng.SuiteRunner.privateRun(SuiteRunner.java:291)
	at org.testng.SuiteRunner.run(SuiteRunner.java:240)
	at org.testng.SuiteRunnerWorker.runSuite(SuiteRunnerWorker.java:52)
	at org.testng.SuiteRunnerWorker.run(SuiteRunnerWorker.java:86)
	at org.testng.TestNG.runSuitesSequentially(TestNG.java:1158)
	at org.testng.TestNG.runSuitesLocally(TestNG.java:1083)
	at org.testng.TestNG.run(TestNG.java:999)
	at org.testng.remote.AbstractRemoteTestNG.run(AbstractRemoteTestNG.java:115)
	at org.testng.remote.RemoteTestNG.initAndRun(RemoteTestNG.java:251)
	at org.testng.remote.RemoteTestNG.main(RemoteTestNG.java:77)
]]>
            </full-stacktrace>
          </exception>
        </test-method>
      </class>
    </test>
  </suite>
</testng-results>
